{"uid":"1f0df91110155144","name":"test_get_diagnostic_price","fullName":"tests.api.services.test_diagnostic_price1.TestDiagnosticPrice#test_get_diagnostic_price","historyId":"ca9c33f31db585948451d5e85d5e9e78","time":{"start":1771564442468,"stop":1771564442490,"duration":22},"status":"failed","statusMessage":"AssertionError: Expected 200, got 404\nassert 404 == 200\n +  where 404 = <Response [404]>.status_code","statusTrace":"self = <tests.api.services.test_diagnostic_price1.TestDiagnosticPrice object at 0x109bc3590>\nauthenticated_api = <api.api_facade.ApiFacade object at 0x109c3f550>\n\n    @allure.story(\"Positive - Get diagnostic price\")\n    @allure.severity(allure.severity_level.NORMAL)\n    def test_get_diagnostic_price(self, authenticated_api: ApiFacade):\n        with allure.step(\"Send GET request\"):\n            response = getattr(authenticated_api.services, \"get_diagnostic_price\")()\n        with allure.step(\"Verify status code is 200\"):\n>           assert response.status_code == 200, f\"Expected 200, got {response.status_code}\"\nE           AssertionError: Expected 200, got 404\nE           assert 404 == 200\nE            +  where 404 = <Response [404]>.status_code\n\ntests/api/services/test_diagnostic_price1.py:16: AssertionError","flaky":false,"newFailed":false,"newBroken":false,"newPassed":false,"retriesCount":0,"retriesStatusChange":false,"beforeStages":[{"name":"authenticated_api","time":{"start":1771564401436,"stop":1771564401504,"duration":68},"status":"passed","steps":[],"attachments":[],"parameters":[],"shouldDisplayMessage":false,"attachmentsCount":0,"stepsCount":0,"hasContent":false,"attachmentStep":false}],"testStage":{"status":"failed","statusMessage":"AssertionError: Expected 200, got 404\nassert 404 == 200\n +  where 404 = <Response [404]>.status_code","statusTrace":"self = <tests.api.services.test_diagnostic_price1.TestDiagnosticPrice object at 0x109bc3590>\nauthenticated_api = <api.api_facade.ApiFacade object at 0x109c3f550>\n\n    @allure.story(\"Positive - Get diagnostic price\")\n    @allure.severity(allure.severity_level.NORMAL)\n    def test_get_diagnostic_price(self, authenticated_api: ApiFacade):\n        with allure.step(\"Send GET request\"):\n            response = getattr(authenticated_api.services, \"get_diagnostic_price\")()\n        with allure.step(\"Verify status code is 200\"):\n>           assert response.status_code == 200, f\"Expected 200, got {response.status_code}\"\nE           AssertionError: Expected 200, got 404\nE           assert 404 == 200\nE            +  where 404 = <Response [404]>.status_code\n\ntests/api/services/test_diagnostic_price1.py:16: AssertionError","steps":[{"name":"Send GET request","time":{"start":1771564442468,"stop":1771564442488,"duration":20},"status":"passed","steps":[],"attachments":[],"parameters":[],"shouldDisplayMessage":false,"attachmentsCount":0,"stepsCount":0,"hasContent":false,"attachmentStep":false},{"name":"Verify status code is 200","time":{"start":1771564442488,"stop":1771564442489,"duration":1},"status":"failed","statusMessage":"AssertionError: Expected 200, got 404\nassert 404 == 200\n +  where 404 = <Response [404]>.status_code\n","statusTrace":"  File \"/Users/user/Downloads/abozor-api-tests/tests/api/services/test_diagnostic_price1.py\", line 16, in test_get_diagnostic_price\n    assert response.status_code == 200, f\"Expected 200, got {response.status_code}\"\n","steps":[],"attachments":[],"parameters":[],"shouldDisplayMessage":true,"attachmentsCount":0,"stepsCount":0,"hasContent":true,"attachmentStep":false}],"attachments":[],"parameters":[],"shouldDisplayMessage":true,"attachmentsCount":0,"stepsCount":2,"hasContent":true,"attachmentStep":false},"afterStages":[],"labels":[{"name":"epic","value":"Services"},{"name":"story","value":"Positive - Get diagnostic price"},{"name":"feature","value":"Diagnostic Price"},{"name":"severity","value":"normal"},{"name":"parentSuite","value":"tests.api.services"},{"name":"suite","value":"test_diagnostic_price1"},{"name":"subSuite","value":"TestDiagnosticPrice"},{"name":"host","value":"Mac"},{"name":"thread","value":"4679-MainThread"},{"name":"framework","value":"pytest"},{"name":"language","value":"cpython3"},{"name":"package","value":"tests.api.services.test_diagnostic_price1"},{"name":"resultFormat","value":"allure2"}],"parameters":[],"links":[],"hidden":false,"retry":false,"extra":{"severity":"normal","retries":[],"categories":[{"name":"Product defects","matchedStatuses":[]}],"tags":[]},"source":"1f0df91110155144.json","parameterValues":[]}