{"uid":"201c2e6fa76934a7","name":"test_get_carwash_payment_history","fullName":"tests.api.carwash.test_payment_history#test_get_carwash_payment_history","historyId":"354d0b5c4bb25a0932c8d2d89c1ff988","time":{"start":1766131976262,"stop":1766131976361,"duration":99},"description":"\nPositive test:\nVerify that payment history for carwash is returned with expected structure\n","descriptionHtml":"<p>Positive test:<br />\nVerify that payment history for carwash is returned with expected structure</p>\n","status":"failed","statusMessage":"AssertionError: Field 'amount' missing in result item\nassert 'amount' in {'car_plate_number': '10G995YY', 'carwash_center': {'address_ru': 'Ташкент, Мирабадский р-н, Северный вокзал, Малая ко...s_store_id': '2090', 'close_time': '23:00:09', ...}, 'created_at': '2025-12-10T09:56:28.314145+05:00', 'id': 1323, ...}","statusTrace":"base_url = 'http://185.100.55.56:8009'\nauth_headers = {'Accept': 'application/json', 'Authorization': 'Bearer eyJhbGciOiJIUzI1NiIsInR5cCI6IkpXVCJ9.eyJ0b2tlbl90eXBlIjoiYWNjZ...3MDYwNzJkMmY2IiwidXNlcl9pZCI6NzQyNTF9.XeB5MBxLsvTofonU5b2B2Av-tvURfHS6_gXHYz7YYNE', 'Content-Type': 'application/json'}\n\n>   ???\nE   AssertionError: Field 'amount' missing in result item\nE   assert 'amount' in {'car_plate_number': '10G995YY', 'carwash_center': {'address_ru': 'Ташкент, Мирабадский р-н, Северный вокзал, Малая ко...s_store_id': '2090', 'close_time': '23:00:09', ...}, 'created_at': '2025-12-10T09:56:28.314145+05:00', 'id': 1323, ...}\n\nC:\\Users\\User\\PyCharmMiscProject\\tests\\carwash\\test_payment_history.py:43: AssertionError","flaky":false,"newFailed":false,"newBroken":false,"newPassed":false,"retriesCount":0,"retriesStatusChange":false,"beforeStages":[{"name":"clear_allure_results","time":{"start":1766131937856,"stop":1766131937859,"duration":3},"status":"passed","steps":[],"attachments":[],"parameters":[],"hasContent":false,"attachmentStep":false,"shouldDisplayMessage":false,"stepsCount":0,"attachmentsCount":0},{"name":"auth_token","time":{"start":1766131937860,"stop":1766131937934,"duration":74},"status":"passed","steps":[],"attachments":[],"parameters":[],"hasContent":false,"attachmentStep":false,"shouldDisplayMessage":false,"stepsCount":0,"attachmentsCount":0},{"name":"headers","time":{"start":1766131937860,"stop":1766131937860,"duration":0},"status":"passed","steps":[],"attachments":[],"parameters":[],"hasContent":false,"attachmentStep":false,"shouldDisplayMessage":false,"stepsCount":0,"attachmentsCount":0},{"name":"base_url","time":{"start":1766131937860,"stop":1766131937860,"duration":0},"status":"passed","steps":[],"attachments":[],"parameters":[],"hasContent":false,"attachmentStep":false,"shouldDisplayMessage":false,"stepsCount":0,"attachmentsCount":0},{"name":"auth_headers","time":{"start":1766131938993,"stop":1766131938993,"duration":0},"status":"passed","steps":[],"attachments":[],"parameters":[],"hasContent":false,"attachmentStep":false,"shouldDisplayMessage":false,"stepsCount":0,"attachmentsCount":0}],"testStage":{"description":"\nPositive test:\nVerify that payment history for carwash is returned with expected structure\n","status":"failed","statusMessage":"AssertionError: Field 'amount' missing in result item\nassert 'amount' in {'car_plate_number': '10G995YY', 'carwash_center': {'address_ru': 'Ташкент, Мирабадский р-н, Северный вокзал, Малая ко...s_store_id': '2090', 'close_time': '23:00:09', ...}, 'created_at': '2025-12-10T09:56:28.314145+05:00', 'id': 1323, ...}","statusTrace":"base_url = 'http://185.100.55.56:8009'\nauth_headers = {'Accept': 'application/json', 'Authorization': 'Bearer eyJhbGciOiJIUzI1NiIsInR5cCI6IkpXVCJ9.eyJ0b2tlbl90eXBlIjoiYWNjZ...3MDYwNzJkMmY2IiwidXNlcl9pZCI6NzQyNTF9.XeB5MBxLsvTofonU5b2B2Av-tvURfHS6_gXHYz7YYNE', 'Content-Type': 'application/json'}\n\n>   ???\nE   AssertionError: Field 'amount' missing in result item\nE   assert 'amount' in {'car_plate_number': '10G995YY', 'carwash_center': {'address_ru': 'Ташкент, Мирабадский р-н, Северный вокзал, Малая ко...s_store_id': '2090', 'close_time': '23:00:09', ...}, 'created_at': '2025-12-10T09:56:28.314145+05:00', 'id': 1323, ...}\n\nC:\\Users\\User\\PyCharmMiscProject\\tests\\carwash\\test_payment_history.py:43: AssertionError","steps":[{"name":"Send GET request to fetch carwash payment history","time":{"start":1766131976263,"stop":1766131976349,"duration":86},"status":"passed","steps":[],"attachments":[],"parameters":[],"hasContent":false,"attachmentStep":false,"shouldDisplayMessage":false,"stepsCount":0,"attachmentsCount":0},{"name":"Check status code is 200","time":{"start":1766131976350,"stop":1766131976351,"duration":1},"status":"passed","steps":[],"attachments":[],"parameters":[],"hasContent":false,"attachmentStep":false,"shouldDisplayMessage":false,"stepsCount":0,"attachmentsCount":0},{"name":"Validate response structure","time":{"start":1766131976351,"stop":1766131976352,"duration":1},"status":"passed","steps":[],"attachments":[],"parameters":[],"hasContent":false,"attachmentStep":false,"shouldDisplayMessage":false,"stepsCount":0,"attachmentsCount":0},{"name":"Validate results array if not empty","time":{"start":1766131976352,"stop":1766131976356,"duration":4},"status":"failed","statusMessage":"AssertionError: Field 'amount' missing in result item\nassert 'amount' in {'car_plate_number': '10G995YY', 'carwash_center': {'address_ru': 'Ташкент, Мирабадский р-н, Северный вокзал, Малая ко...s_store_id': '2090', 'close_time': '23:00:09', ...}, 'created_at': '2025-12-10T09:56:28.314145+05:00', 'id': 1323, ...}\n","statusTrace":"  File \"C:\\Users\\User\\PyCharmMiscProject\\tests\\carwash\\test_payment_history.py\", line 43, in test_get_carwash_payment_history\n","steps":[],"attachments":[],"parameters":[],"hasContent":true,"attachmentStep":false,"shouldDisplayMessage":true,"stepsCount":0,"attachmentsCount":0}],"attachments":[],"parameters":[],"hasContent":true,"attachmentStep":false,"shouldDisplayMessage":true,"stepsCount":4,"attachmentsCount":0},"afterStages":[],"labels":[{"name":"feature","value":"History"},{"name":"epic","value":"car wash"},{"name":"story","value":"Positive - Get car wash payment history"},{"name":"parentSuite","value":"tests.api.carwash"},{"name":"suite","value":"test_payment_history"},{"name":"host","value":"WIN-AVFLEP7C716"},{"name":"thread","value":"10036-MainThread"},{"name":"framework","value":"pytest"},{"name":"language","value":"cpython3"},{"name":"package","value":"tests.api.carwash.test_payment_history"},{"name":"resultFormat","value":"allure2"}],"parameters":[],"links":[],"hidden":false,"retry":false,"extra":{"severity":"normal","retries":[],"categories":[{"name":"Product defects","matchedStatuses":[]}],"tags":[]},"source":"201c2e6fa76934a7.json","parameterValues":[]}