{"uid":"2a6eee321da81bdd","name":"test_check_promo_invalid_params[params2]","fullName":"tests.api.carwash.test_promo_check#test_check_promo_invalid_params","historyId":"5b9eda6c26680a8a04dd36d1897e5211","time":{"start":1765013944961,"stop":1765013945023,"duration":62},"description":"\nNegative test:\nVerify that invalid parameters return an error message or empty promo\n","descriptionHtml":"<p>Negative test:<br />\nVerify that invalid parameters return an error message or empty promo</p>\n","status":"failed","statusMessage":"AssertionError: Expected 200/400/404, got 500\nassert 500 in [400, 404]\n +  where 500 = <Response [500]>.status_code","statusTrace":"base_url = 'http://185.100.55.56:8009'\nauth_headers = {'Accept': 'application/json', 'Authorization': 'Bearer eyJhbGciOiJIUzI1NiIsInR5cCI6IkpXVCJ9.eyJ0b2tlbl90eXBlIjoiYWNjZ...jMWEyMjgyMjcyIiwidXNlcl9pZCI6NzQyNTF9.46VplPXkxGZ5O2rbpVipGSH4zd2qqkdFxggYzauGNR8', 'Content-Type': 'application/json'}\nparams = {'car_wash_center_id': 'abc', 'tariff_id': 6}\n\n>   ???\nE   AssertionError: Expected 200/400/404, got 500\nE   assert 500 in [400, 404]\nE    +  where 500 = <Response [500]>.status_code\n\nC:\\Users\\User\\PyCharmMiscProject\\tests\\carwash\\test_promo_check.py:54: AssertionError","flaky":false,"newFailed":false,"newBroken":false,"newPassed":false,"retriesCount":0,"retriesStatusChange":false,"beforeStages":[{"name":"clear_allure_results","time":{"start":1765013906140,"stop":1765013906141,"duration":1},"status":"passed","steps":[],"attachments":[],"parameters":[],"hasContent":false,"attachmentsCount":0,"shouldDisplayMessage":false,"stepsCount":0,"attachmentStep":false},{"name":"base_url","time":{"start":1765013906142,"stop":1765013906142,"duration":0},"status":"passed","steps":[],"attachments":[],"parameters":[],"hasContent":false,"attachmentsCount":0,"shouldDisplayMessage":false,"stepsCount":0,"attachmentStep":false},{"name":"headers","time":{"start":1765013906142,"stop":1765013906142,"duration":0},"status":"passed","steps":[],"attachments":[],"parameters":[],"hasContent":false,"attachmentsCount":0,"shouldDisplayMessage":false,"stepsCount":0,"attachmentStep":false},{"name":"auth_token","time":{"start":1765013906143,"stop":1765013906208,"duration":65},"status":"passed","steps":[],"attachments":[],"parameters":[],"hasContent":false,"attachmentsCount":0,"shouldDisplayMessage":false,"stepsCount":0,"attachmentStep":false},{"name":"auth_headers","time":{"start":1765013907297,"stop":1765013907297,"duration":0},"status":"passed","steps":[],"attachments":[],"parameters":[],"hasContent":false,"attachmentsCount":0,"shouldDisplayMessage":false,"stepsCount":0,"attachmentStep":false}],"testStage":{"description":"\nNegative test:\nVerify that invalid parameters return an error message or empty promo\n","status":"failed","statusMessage":"AssertionError: Expected 200/400/404, got 500\nassert 500 in [400, 404]\n +  where 500 = <Response [500]>.status_code","statusTrace":"base_url = 'http://185.100.55.56:8009'\nauth_headers = {'Accept': 'application/json', 'Authorization': 'Bearer eyJhbGciOiJIUzI1NiIsInR5cCI6IkpXVCJ9.eyJ0b2tlbl90eXBlIjoiYWNjZ...jMWEyMjgyMjcyIiwidXNlcl9pZCI6NzQyNTF9.46VplPXkxGZ5O2rbpVipGSH4zd2qqkdFxggYzauGNR8', 'Content-Type': 'application/json'}\nparams = {'car_wash_center_id': 'abc', 'tariff_id': 6}\n\n>   ???\nE   AssertionError: Expected 200/400/404, got 500\nE   assert 500 in [400, 404]\nE    +  where 500 = <Response [500]>.status_code\n\nC:\\Users\\User\\PyCharmMiscProject\\tests\\carwash\\test_promo_check.py:54: AssertionError","steps":[{"name":"Send GET request with invalid parameters","time":{"start":1765013944961,"stop":1765013945022,"duration":61},"status":"passed","steps":[],"attachments":[],"parameters":[],"hasContent":false,"attachmentsCount":0,"shouldDisplayMessage":false,"stepsCount":0,"attachmentStep":false},{"name":"Check status code is 200 or 400","time":{"start":1765013945022,"stop":1765013945022,"duration":0},"status":"failed","statusMessage":"AssertionError: Expected 200/400/404, got 500\nassert 500 in [400, 404]\n +  where 500 = <Response [500]>.status_code\n","statusTrace":"  File \"C:\\Users\\User\\PyCharmMiscProject\\tests\\carwash\\test_promo_check.py\", line 54, in test_check_promo_invalid_params\n","steps":[],"attachments":[],"parameters":[],"hasContent":true,"attachmentsCount":0,"shouldDisplayMessage":true,"stepsCount":0,"attachmentStep":false}],"attachments":[],"parameters":[],"hasContent":true,"attachmentsCount":0,"shouldDisplayMessage":true,"stepsCount":2,"attachmentStep":false},"afterStages":[],"labels":[{"name":"epic","value":"Car Wash"},{"name":"feature","value":"Promo Check"},{"name":"story","value":"Negative - Check promo with invalid parameters"},{"name":"parentSuite","value":"tests.api.carwash"},{"name":"suite","value":"test_promo_check"},{"name":"host","value":"WIN-AVFLEP7C716"},{"name":"thread","value":"2808-MainThread"},{"name":"framework","value":"pytest"},{"name":"language","value":"cpython3"},{"name":"package","value":"tests.api.carwash.test_promo_check"},{"name":"resultFormat","value":"allure2"}],"parameters":[{"name":"params","value":"{'car_wash_center_id': 'abc', 'tariff_id': 6}"}],"links":[],"hidden":false,"retry":false,"extra":{"severity":"normal","retries":[],"categories":[{"name":"Product defects","matchedStatuses":[]}],"tags":[]},"source":"2a6eee321da81bdd.json","parameterValues":["{'car_wash_center_id': 'abc', 'tariff_id': 6}"]}