{"uid":"3ad36c1a27646b28","name":"test_check_promo_invalid_params[params2]","fullName":"tests.api.carwash.test_promo_check#test_check_promo_invalid_params","historyId":"5b9eda6c26680a8a04dd36d1897e5211","time":{"start":1765014056020,"stop":1765014056085,"duration":65},"description":"\nNegative test:\nVerify that invalid parameters return an error message or empty promo\n","descriptionHtml":"<p>Negative test:<br />\nVerify that invalid parameters return an error message or empty promo</p>\n","status":"failed","statusMessage":"AssertionError: Expected 200/400/404, got 500\nassert 500 in [400, 404]\n +  where 500 = <Response [500]>.status_code","statusTrace":"base_url = 'http://185.100.55.56:8009'\nauth_headers = {'Accept': 'application/json', 'Authorization': 'Bearer eyJhbGciOiJIUzI1NiIsInR5cCI6IkpXVCJ9.eyJ0b2tlbl90eXBlIjoiYWNjZ...2NjRmNjI5YWU1IiwidXNlcl9pZCI6NzQyNTF9.VUJAtZEltZGzPHcXu5VmfEZtOEwjFpCpDnF1b75eWOM', 'Content-Type': 'application/json'}\nparams = {'car_wash_center_id': 'abc', 'tariff_id': 6}\n\n>   ???\nE   AssertionError: Expected 200/400/404, got 500\nE   assert 500 in [400, 404]\nE    +  where 500 = <Response [500]>.status_code\n\nC:\\Users\\User\\PyCharmMiscProject\\tests\\carwash\\test_promo_check.py:54: AssertionError","flaky":false,"newFailed":false,"newBroken":false,"newPassed":false,"retriesCount":0,"retriesStatusChange":false,"beforeStages":[{"name":"clear_allure_results","time":{"start":1765014017732,"stop":1765014017733,"duration":1},"status":"passed","steps":[],"attachments":[],"parameters":[],"shouldDisplayMessage":false,"attachmentsCount":0,"stepsCount":0,"attachmentStep":false,"hasContent":false},{"name":"headers","time":{"start":1765014017733,"stop":1765014017733,"duration":0},"status":"passed","steps":[],"attachments":[],"parameters":[],"shouldDisplayMessage":false,"attachmentsCount":0,"stepsCount":0,"attachmentStep":false,"hasContent":false},{"name":"auth_token","time":{"start":1765014017733,"stop":1765014017790,"duration":57},"status":"passed","steps":[],"attachments":[],"parameters":[],"shouldDisplayMessage":false,"attachmentsCount":0,"stepsCount":0,"attachmentStep":false,"hasContent":false},{"name":"base_url","time":{"start":1765014017733,"stop":1765014017733,"duration":0},"status":"passed","steps":[],"attachments":[],"parameters":[],"shouldDisplayMessage":false,"attachmentsCount":0,"stepsCount":0,"attachmentStep":false,"hasContent":false},{"name":"auth_headers","time":{"start":1765014018806,"stop":1765014018806,"duration":0},"status":"passed","steps":[],"attachments":[],"parameters":[],"shouldDisplayMessage":false,"attachmentsCount":0,"stepsCount":0,"attachmentStep":false,"hasContent":false}],"testStage":{"description":"\nNegative test:\nVerify that invalid parameters return an error message or empty promo\n","status":"failed","statusMessage":"AssertionError: Expected 200/400/404, got 500\nassert 500 in [400, 404]\n +  where 500 = <Response [500]>.status_code","statusTrace":"base_url = 'http://185.100.55.56:8009'\nauth_headers = {'Accept': 'application/json', 'Authorization': 'Bearer eyJhbGciOiJIUzI1NiIsInR5cCI6IkpXVCJ9.eyJ0b2tlbl90eXBlIjoiYWNjZ...2NjRmNjI5YWU1IiwidXNlcl9pZCI6NzQyNTF9.VUJAtZEltZGzPHcXu5VmfEZtOEwjFpCpDnF1b75eWOM', 'Content-Type': 'application/json'}\nparams = {'car_wash_center_id': 'abc', 'tariff_id': 6}\n\n>   ???\nE   AssertionError: Expected 200/400/404, got 500\nE   assert 500 in [400, 404]\nE    +  where 500 = <Response [500]>.status_code\n\nC:\\Users\\User\\PyCharmMiscProject\\tests\\carwash\\test_promo_check.py:54: AssertionError","steps":[{"name":"Send GET request with invalid parameters","time":{"start":1765014056020,"stop":1765014056084,"duration":64},"status":"passed","steps":[],"attachments":[],"parameters":[],"shouldDisplayMessage":false,"attachmentsCount":0,"stepsCount":0,"attachmentStep":false,"hasContent":false},{"name":"Check status code is 200 or 400","time":{"start":1765014056084,"stop":1765014056084,"duration":0},"status":"failed","statusMessage":"AssertionError: Expected 200/400/404, got 500\nassert 500 in [400, 404]\n +  where 500 = <Response [500]>.status_code\n","statusTrace":"  File \"C:\\Users\\User\\PyCharmMiscProject\\tests\\carwash\\test_promo_check.py\", line 54, in test_check_promo_invalid_params\n","steps":[],"attachments":[],"parameters":[],"shouldDisplayMessage":true,"attachmentsCount":0,"stepsCount":0,"attachmentStep":false,"hasContent":true}],"attachments":[],"parameters":[],"shouldDisplayMessage":true,"attachmentsCount":0,"stepsCount":2,"attachmentStep":false,"hasContent":true},"afterStages":[],"labels":[{"name":"story","value":"Negative - Check promo with invalid parameters"},{"name":"epic","value":"Car Wash"},{"name":"feature","value":"Promo Check"},{"name":"parentSuite","value":"tests.api.carwash"},{"name":"suite","value":"test_promo_check"},{"name":"host","value":"WIN-AVFLEP7C716"},{"name":"thread","value":"3812-MainThread"},{"name":"framework","value":"pytest"},{"name":"language","value":"cpython3"},{"name":"package","value":"tests.api.carwash.test_promo_check"},{"name":"resultFormat","value":"allure2"}],"parameters":[{"name":"params","value":"{'car_wash_center_id': 'abc', 'tariff_id': 6}"}],"links":[],"hidden":false,"retry":false,"extra":{"severity":"normal","retries":[],"categories":[{"name":"Product defects","matchedStatuses":[]}],"tags":[]},"source":"3ad36c1a27646b28.json","parameterValues":["{'car_wash_center_id': 'abc', 'tariff_id': 6}"]}