{"uid":"453e73a1fdef4eb9","name":"test_get_tariffs_invalid_carwash_id[params2]","fullName":"tests.api.carwash.test_get_tarrif#test_get_tariffs_invalid_carwash_id","historyId":"72a7f194ee855e963fb9b4199e1ba557","time":{"start":1765012129246,"stop":1765012129302,"duration":56},"description":"\nNegative test:\nVerify that an invalid carwash_id returns 200 with empty list or proper error response\n","descriptionHtml":"<p>Negative test:<br />\nVerify that an invalid carwash_id returns 200 with empty list or proper error response</p>\n","status":"failed","statusMessage":"AssertionError: Expected 200/400/404, got 500\nassert 500 in [200, 400, 404]\n +  where 500 = <Response [500]>.status_code","statusTrace":"base_url = 'http://185.100.55.56:8009'\nauth_headers = {'Accept': 'application/json', 'Authorization': 'Bearer eyJhbGciOiJIUzI1NiIsInR5cCI6IkpXVCJ9.eyJ0b2tlbl90eXBlIjoiYWNjZ...lYWMzZTBhNDEwIiwidXNlcl9pZCI6NzQyNTF9.5kq2O3qJvoRJjO_Nsbye7HmDkv0h8dAsF6hRcfmdLAg', 'Content-Type': 'application/json'}\nparams = {'carwash_id': 'abc'}\n\n>   ???\nE   AssertionError: Expected 200/400/404, got 500\nE   assert 500 in [200, 400, 404]\nE    +  where 500 = <Response [500]>.status_code\n\nC:\\Users\\User\\PyCharmMiscProject\\tests\\carwash\\test_get_tarrif.py:70: AssertionError","flaky":false,"newFailed":false,"newBroken":false,"newPassed":false,"retriesCount":0,"retriesStatusChange":false,"beforeStages":[{"name":"clear_allure_results","time":{"start":1765012091776,"stop":1765012091776,"duration":0},"status":"passed","steps":[],"attachments":[],"parameters":[],"hasContent":false,"shouldDisplayMessage":false,"stepsCount":0,"attachmentsCount":0,"attachmentStep":false},{"name":"headers","time":{"start":1765012091777,"stop":1765012091777,"duration":0},"status":"passed","steps":[],"attachments":[],"parameters":[],"hasContent":false,"shouldDisplayMessage":false,"stepsCount":0,"attachmentsCount":0,"attachmentStep":false},{"name":"base_url","time":{"start":1765012091777,"stop":1765012091777,"duration":0},"status":"passed","steps":[],"attachments":[],"parameters":[],"hasContent":false,"shouldDisplayMessage":false,"stepsCount":0,"attachmentsCount":0,"attachmentStep":false},{"name":"auth_token","time":{"start":1765012091777,"stop":1765012091829,"duration":52},"status":"passed","steps":[],"attachments":[],"parameters":[],"hasContent":false,"shouldDisplayMessage":false,"stepsCount":0,"attachmentsCount":0,"attachmentStep":false},{"name":"auth_headers","time":{"start":1765012092799,"stop":1765012092799,"duration":0},"status":"passed","steps":[],"attachments":[],"parameters":[],"hasContent":false,"shouldDisplayMessage":false,"stepsCount":0,"attachmentsCount":0,"attachmentStep":false}],"testStage":{"description":"\nNegative test:\nVerify that an invalid carwash_id returns 200 with empty list or proper error response\n","status":"failed","statusMessage":"AssertionError: Expected 200/400/404, got 500\nassert 500 in [200, 400, 404]\n +  where 500 = <Response [500]>.status_code","statusTrace":"base_url = 'http://185.100.55.56:8009'\nauth_headers = {'Accept': 'application/json', 'Authorization': 'Bearer eyJhbGciOiJIUzI1NiIsInR5cCI6IkpXVCJ9.eyJ0b2tlbl90eXBlIjoiYWNjZ...lYWMzZTBhNDEwIiwidXNlcl9pZCI6NzQyNTF9.5kq2O3qJvoRJjO_Nsbye7HmDkv0h8dAsF6hRcfmdLAg', 'Content-Type': 'application/json'}\nparams = {'carwash_id': 'abc'}\n\n>   ???\nE   AssertionError: Expected 200/400/404, got 500\nE   assert 500 in [200, 400, 404]\nE    +  where 500 = <Response [500]>.status_code\n\nC:\\Users\\User\\PyCharmMiscProject\\tests\\carwash\\test_get_tarrif.py:70: AssertionError","steps":[{"name":"Send GET request with params: {'carwash_id': 'abc'}","time":{"start":1765012129246,"stop":1765012129293,"duration":47},"status":"passed","steps":[],"attachments":[],"parameters":[],"hasContent":false,"shouldDisplayMessage":false,"stepsCount":0,"attachmentsCount":0,"attachmentStep":false},{"name":"Check status code is 200 or 400 or 404","time":{"start":1765012129294,"stop":1765012129294,"duration":0},"status":"failed","statusMessage":"AssertionError: Expected 200/400/404, got 500\nassert 500 in [200, 400, 404]\n +  where 500 = <Response [500]>.status_code\n","statusTrace":"  File \"C:\\Users\\User\\PyCharmMiscProject\\tests\\carwash\\test_get_tarrif.py\", line 70, in test_get_tariffs_invalid_carwash_id\n","steps":[],"attachments":[],"parameters":[],"hasContent":true,"shouldDisplayMessage":true,"stepsCount":0,"attachmentsCount":0,"attachmentStep":false}],"attachments":[],"parameters":[],"hasContent":true,"shouldDisplayMessage":true,"stepsCount":2,"attachmentsCount":0,"attachmentStep":false},"afterStages":[],"labels":[{"name":"story","value":"Negative - Get tariffs with invalid carwash_id"},{"name":"feature","value":"Tariffs"},{"name":"epic","value":"Car Wash"},{"name":"parentSuite","value":"tests.api.carwash"},{"name":"suite","value":"test_get_tarrif"},{"name":"host","value":"WIN-AVFLEP7C716"},{"name":"thread","value":"6532-MainThread"},{"name":"framework","value":"pytest"},{"name":"language","value":"cpython3"},{"name":"package","value":"tests.api.carwash.test_get_tarrif"},{"name":"resultFormat","value":"allure2"}],"parameters":[{"name":"params","value":"{'carwash_id': 'abc'}"}],"links":[],"hidden":false,"retry":false,"extra":{"severity":"normal","retries":[],"categories":[{"name":"Product defects","matchedStatuses":[]}],"tags":[]},"source":"453e73a1fdef4eb9.json","parameterValues":["{'carwash_id': 'abc'}"]}