{"uid":"982ab95b96de7ac5","name":"test_get_carwash_payment_history","fullName":"tests.api.carwash.test_payment_history#test_get_carwash_payment_history","historyId":"354d0b5c4bb25a0932c8d2d89c1ff988","time":{"start":1765014055701,"stop":1765014055789,"duration":88},"description":"\nPositive test:\nVerify that payment history for carwash is returned with expected structure\n","descriptionHtml":"<p>Positive test:<br />\nVerify that payment history for carwash is returned with expected structure</p>\n","status":"failed","statusMessage":"AssertionError: Field 'amount' missing in result item\nassert 'amount' in {'car_plate_number': '10G995YY', 'carwash_center': {'address_ru': 'Ташкент, Мирабадский р-н, Северный вокзал, Малая ко...s_store_id': '2090', 'close_time': '23:00:09', ...}, 'created_at': '2025-10-30T15:49:45.459839+05:00', 'id': 1283, ...}","statusTrace":"base_url = 'http://185.100.55.56:8009'\nauth_headers = {'Accept': 'application/json', 'Authorization': 'Bearer eyJhbGciOiJIUzI1NiIsInR5cCI6IkpXVCJ9.eyJ0b2tlbl90eXBlIjoiYWNjZ...2NjRmNjI5YWU1IiwidXNlcl9pZCI6NzQyNTF9.VUJAtZEltZGzPHcXu5VmfEZtOEwjFpCpDnF1b75eWOM', 'Content-Type': 'application/json'}\n\n>   ???\nE   AssertionError: Field 'amount' missing in result item\nE   assert 'amount' in {'car_plate_number': '10G995YY', 'carwash_center': {'address_ru': 'Ташкент, Мирабадский р-н, Северный вокзал, Малая ко...s_store_id': '2090', 'close_time': '23:00:09', ...}, 'created_at': '2025-10-30T15:49:45.459839+05:00', 'id': 1283, ...}\n\nC:\\Users\\User\\PyCharmMiscProject\\tests\\carwash\\test_payment_history.py:43: AssertionError","flaky":false,"newFailed":false,"newBroken":false,"newPassed":false,"retriesCount":0,"retriesStatusChange":false,"beforeStages":[{"name":"clear_allure_results","time":{"start":1765014017732,"stop":1765014017733,"duration":1},"status":"passed","steps":[],"attachments":[],"parameters":[],"shouldDisplayMessage":false,"attachmentsCount":0,"stepsCount":0,"attachmentStep":false,"hasContent":false},{"name":"headers","time":{"start":1765014017733,"stop":1765014017733,"duration":0},"status":"passed","steps":[],"attachments":[],"parameters":[],"shouldDisplayMessage":false,"attachmentsCount":0,"stepsCount":0,"attachmentStep":false,"hasContent":false},{"name":"auth_token","time":{"start":1765014017733,"stop":1765014017790,"duration":57},"status":"passed","steps":[],"attachments":[],"parameters":[],"shouldDisplayMessage":false,"attachmentsCount":0,"stepsCount":0,"attachmentStep":false,"hasContent":false},{"name":"base_url","time":{"start":1765014017733,"stop":1765014017733,"duration":0},"status":"passed","steps":[],"attachments":[],"parameters":[],"shouldDisplayMessage":false,"attachmentsCount":0,"stepsCount":0,"attachmentStep":false,"hasContent":false},{"name":"auth_headers","time":{"start":1765014018806,"stop":1765014018806,"duration":0},"status":"passed","steps":[],"attachments":[],"parameters":[],"shouldDisplayMessage":false,"attachmentsCount":0,"stepsCount":0,"attachmentStep":false,"hasContent":false}],"testStage":{"description":"\nPositive test:\nVerify that payment history for carwash is returned with expected structure\n","status":"failed","statusMessage":"AssertionError: Field 'amount' missing in result item\nassert 'amount' in {'car_plate_number': '10G995YY', 'carwash_center': {'address_ru': 'Ташкент, Мирабадский р-н, Северный вокзал, Малая ко...s_store_id': '2090', 'close_time': '23:00:09', ...}, 'created_at': '2025-10-30T15:49:45.459839+05:00', 'id': 1283, ...}","statusTrace":"base_url = 'http://185.100.55.56:8009'\nauth_headers = {'Accept': 'application/json', 'Authorization': 'Bearer eyJhbGciOiJIUzI1NiIsInR5cCI6IkpXVCJ9.eyJ0b2tlbl90eXBlIjoiYWNjZ...2NjRmNjI5YWU1IiwidXNlcl9pZCI6NzQyNTF9.VUJAtZEltZGzPHcXu5VmfEZtOEwjFpCpDnF1b75eWOM', 'Content-Type': 'application/json'}\n\n>   ???\nE   AssertionError: Field 'amount' missing in result item\nE   assert 'amount' in {'car_plate_number': '10G995YY', 'carwash_center': {'address_ru': 'Ташкент, Мирабадский р-н, Северный вокзал, Малая ко...s_store_id': '2090', 'close_time': '23:00:09', ...}, 'created_at': '2025-10-30T15:49:45.459839+05:00', 'id': 1283, ...}\n\nC:\\Users\\User\\PyCharmMiscProject\\tests\\carwash\\test_payment_history.py:43: AssertionError","steps":[{"name":"Send GET request to fetch carwash payment history","time":{"start":1765014055701,"stop":1765014055788,"duration":87},"status":"passed","steps":[],"attachments":[],"parameters":[],"shouldDisplayMessage":false,"attachmentsCount":0,"stepsCount":0,"attachmentStep":false,"hasContent":false},{"name":"Check status code is 200","time":{"start":1765014055788,"stop":1765014055788,"duration":0},"status":"passed","steps":[],"attachments":[],"parameters":[],"shouldDisplayMessage":false,"attachmentsCount":0,"stepsCount":0,"attachmentStep":false,"hasContent":false},{"name":"Validate response structure","time":{"start":1765014055788,"stop":1765014055788,"duration":0},"status":"passed","steps":[],"attachments":[],"parameters":[],"shouldDisplayMessage":false,"attachmentsCount":0,"stepsCount":0,"attachmentStep":false,"hasContent":false},{"name":"Validate results array if not empty","time":{"start":1765014055788,"stop":1765014055789,"duration":1},"status":"failed","statusMessage":"AssertionError: Field 'amount' missing in result item\nassert 'amount' in {'car_plate_number': '10G995YY', 'carwash_center': {'address_ru': 'Ташкент, Мирабадский р-н, Северный вокзал, Малая ко...s_store_id': '2090', 'close_time': '23:00:09', ...}, 'created_at': '2025-10-30T15:49:45.459839+05:00', 'id': 1283, ...}\n","statusTrace":"  File \"C:\\Users\\User\\PyCharmMiscProject\\tests\\carwash\\test_payment_history.py\", line 43, in test_get_carwash_payment_history\n","steps":[],"attachments":[],"parameters":[],"shouldDisplayMessage":true,"attachmentsCount":0,"stepsCount":0,"attachmentStep":false,"hasContent":true}],"attachments":[],"parameters":[],"shouldDisplayMessage":true,"attachmentsCount":0,"stepsCount":4,"attachmentStep":false,"hasContent":true},"afterStages":[],"labels":[{"name":"epic","value":"car wash"},{"name":"story","value":"Positive - Get car wash payment history"},{"name":"feature","value":"History"},{"name":"parentSuite","value":"tests.api.carwash"},{"name":"suite","value":"test_payment_history"},{"name":"host","value":"WIN-AVFLEP7C716"},{"name":"thread","value":"3812-MainThread"},{"name":"framework","value":"pytest"},{"name":"language","value":"cpython3"},{"name":"package","value":"tests.api.carwash.test_payment_history"},{"name":"resultFormat","value":"allure2"}],"parameters":[],"links":[],"hidden":false,"retry":false,"extra":{"severity":"normal","retries":[],"categories":[{"name":"Product defects","matchedStatuses":[]}],"tags":[]},"source":"982ab95b96de7ac5.json","parameterValues":[]}