{"uid":"b674441bba2c2983","name":"test_get_about_us","fullName":"tests.api.main.test_about_us.TestAboutUs#test_get_about_us","historyId":"5cf847ab8a77b037c2f44717471ee12e","time":{"start":1771564431408,"stop":1771564431451,"duration":43},"status":"failed","statusMessage":"AssertionError: Expected 200, got 404\nassert 404 == 200\n +  where 404 = <Response [404]>.status_code","statusTrace":"self = <tests.api.main.test_about_us.TestAboutUs object at 0x109b23b10>\napi = <api.api_facade.ApiFacade object at 0x109e6d7d0>\n\n    @allure.story(\"Positive - Get about us\")\n    @allure.severity(allure.severity_level.NORMAL)\n    def test_get_about_us(self, api: ApiFacade):\n        with allure.step(\"Send GET request\"):\n            response = api.main.get_about_us()\n        with allure.step(\"Verify status code is 200\"):\n>           assert response.status_code == 200, f\"Expected 200, got {response.status_code}\"\nE           AssertionError: Expected 200, got 404\nE           assert 404 == 200\nE            +  where 404 = <Response [404]>.status_code\n\ntests/api/main/test_about_us.py:16: AssertionError","flaky":false,"newFailed":false,"newBroken":false,"newPassed":false,"retriesCount":0,"retriesStatusChange":false,"beforeStages":[{"name":"api","time":{"start":1771564431408,"stop":1771564431408,"duration":0},"status":"passed","steps":[],"attachments":[],"parameters":[],"shouldDisplayMessage":false,"attachmentsCount":0,"stepsCount":0,"hasContent":false,"attachmentStep":false}],"testStage":{"status":"failed","statusMessage":"AssertionError: Expected 200, got 404\nassert 404 == 200\n +  where 404 = <Response [404]>.status_code","statusTrace":"self = <tests.api.main.test_about_us.TestAboutUs object at 0x109b23b10>\napi = <api.api_facade.ApiFacade object at 0x109e6d7d0>\n\n    @allure.story(\"Positive - Get about us\")\n    @allure.severity(allure.severity_level.NORMAL)\n    def test_get_about_us(self, api: ApiFacade):\n        with allure.step(\"Send GET request\"):\n            response = api.main.get_about_us()\n        with allure.step(\"Verify status code is 200\"):\n>           assert response.status_code == 200, f\"Expected 200, got {response.status_code}\"\nE           AssertionError: Expected 200, got 404\nE           assert 404 == 200\nE            +  where 404 = <Response [404]>.status_code\n\ntests/api/main/test_about_us.py:16: AssertionError","steps":[{"name":"Send GET request","time":{"start":1771564431409,"stop":1771564431448,"duration":39},"status":"passed","steps":[],"attachments":[],"parameters":[],"shouldDisplayMessage":false,"attachmentsCount":0,"stepsCount":0,"hasContent":false,"attachmentStep":false},{"name":"Verify status code is 200","time":{"start":1771564431449,"stop":1771564431449,"duration":0},"status":"failed","statusMessage":"AssertionError: Expected 200, got 404\nassert 404 == 200\n +  where 404 = <Response [404]>.status_code\n","statusTrace":"  File \"/Users/user/Downloads/abozor-api-tests/tests/api/main/test_about_us.py\", line 16, in test_get_about_us\n    assert response.status_code == 200, f\"Expected 200, got {response.status_code}\"\n","steps":[],"attachments":[],"parameters":[],"shouldDisplayMessage":true,"attachmentsCount":0,"stepsCount":0,"hasContent":true,"attachmentStep":false}],"attachments":[],"parameters":[],"shouldDisplayMessage":true,"attachmentsCount":0,"stepsCount":2,"hasContent":true,"attachmentStep":false},"afterStages":[],"labels":[{"name":"story","value":"Positive - Get about us"},{"name":"severity","value":"normal"},{"name":"feature","value":"About Us"},{"name":"epic","value":"Main"},{"name":"parentSuite","value":"tests.api.main"},{"name":"suite","value":"test_about_us"},{"name":"subSuite","value":"TestAboutUs"},{"name":"host","value":"Mac"},{"name":"thread","value":"4679-MainThread"},{"name":"framework","value":"pytest"},{"name":"language","value":"cpython3"},{"name":"package","value":"tests.api.main.test_about_us"},{"name":"resultFormat","value":"allure2"}],"parameters":[],"links":[],"hidden":false,"retry":false,"extra":{"severity":"normal","retries":[],"categories":[{"name":"Product defects","matchedStatuses":[]}],"tags":[]},"source":"b674441bba2c2983.json","parameterValues":[]}