{"uid":"dc5b7d30e9fd4d63","name":"test_get_carwash_payment_history","fullName":"tests.api.carwash.test_payment_history#test_get_carwash_payment_history","historyId":"354d0b5c4bb25a0932c8d2d89c1ff988","time":{"start":1766132207127,"stop":1766132207208,"duration":81},"description":"\nPositive test:\nVerify that payment history for carwash is returned with expected structure\n","descriptionHtml":"<p>Positive test:<br />\nVerify that payment history for carwash is returned with expected structure</p>\n","status":"failed","statusMessage":"AssertionError: Field 'amount' missing in result item\nassert 'amount' in {'car_plate_number': '10G995YY', 'carwash_center': {'address_ru': 'Ташкент, Мирабадский р-н, Северный вокзал, Малая ко...s_store_id': '2090', 'close_time': '23:00:09', ...}, 'created_at': '2025-12-10T09:56:28.314145+05:00', 'id': 1323, ...}","statusTrace":"base_url = 'http://185.100.55.56:8009'\nauth_headers = {'Accept': 'application/json', 'Authorization': 'Bearer eyJhbGciOiJIUzI1NiIsInR5cCI6IkpXVCJ9.eyJ0b2tlbl90eXBlIjoiYWNjZ...3ZGNlMDRkYWY4IiwidXNlcl9pZCI6NzQyNTF9.2BLTyUbO-eXwvoCx7Oz9I-fLUkSbKcFDTkDdjmfMftU', 'Content-Type': 'application/json'}\n\n>   ???\nE   AssertionError: Field 'amount' missing in result item\nE   assert 'amount' in {'car_plate_number': '10G995YY', 'carwash_center': {'address_ru': 'Ташкент, Мирабадский р-н, Северный вокзал, Малая ко...s_store_id': '2090', 'close_time': '23:00:09', ...}, 'created_at': '2025-12-10T09:56:28.314145+05:00', 'id': 1323, ...}\n\nC:\\Users\\User\\PyCharmMiscProject\\tests\\carwash\\test_payment_history.py:43: AssertionError","flaky":false,"newFailed":false,"newBroken":false,"newPassed":false,"retriesCount":0,"retriesStatusChange":false,"beforeStages":[{"name":"clear_allure_results","time":{"start":1766132161300,"stop":1766132161301,"duration":1},"status":"passed","steps":[],"attachments":[],"parameters":[],"attachmentStep":false,"shouldDisplayMessage":false,"stepsCount":0,"attachmentsCount":0,"hasContent":false},{"name":"base_url","time":{"start":1766132161302,"stop":1766132161302,"duration":0},"status":"passed","steps":[],"attachments":[],"parameters":[],"attachmentStep":false,"shouldDisplayMessage":false,"stepsCount":0,"attachmentsCount":0,"hasContent":false},{"name":"headers","time":{"start":1766132161303,"stop":1766132161303,"duration":0},"status":"passed","steps":[],"attachments":[],"parameters":[],"attachmentStep":false,"shouldDisplayMessage":false,"stepsCount":0,"attachmentsCount":0,"hasContent":false},{"name":"auth_token","time":{"start":1766132161303,"stop":1766132161467,"duration":164},"status":"passed","steps":[],"attachments":[],"parameters":[],"attachmentStep":false,"shouldDisplayMessage":false,"stepsCount":0,"attachmentsCount":0,"hasContent":false},{"name":"auth_headers","time":{"start":1766132162752,"stop":1766132162753,"duration":1},"status":"passed","steps":[],"attachments":[],"parameters":[],"attachmentStep":false,"shouldDisplayMessage":false,"stepsCount":0,"attachmentsCount":0,"hasContent":false}],"testStage":{"description":"\nPositive test:\nVerify that payment history for carwash is returned with expected structure\n","status":"failed","statusMessage":"AssertionError: Field 'amount' missing in result item\nassert 'amount' in {'car_plate_number': '10G995YY', 'carwash_center': {'address_ru': 'Ташкент, Мирабадский р-н, Северный вокзал, Малая ко...s_store_id': '2090', 'close_time': '23:00:09', ...}, 'created_at': '2025-12-10T09:56:28.314145+05:00', 'id': 1323, ...}","statusTrace":"base_url = 'http://185.100.55.56:8009'\nauth_headers = {'Accept': 'application/json', 'Authorization': 'Bearer eyJhbGciOiJIUzI1NiIsInR5cCI6IkpXVCJ9.eyJ0b2tlbl90eXBlIjoiYWNjZ...3ZGNlMDRkYWY4IiwidXNlcl9pZCI6NzQyNTF9.2BLTyUbO-eXwvoCx7Oz9I-fLUkSbKcFDTkDdjmfMftU', 'Content-Type': 'application/json'}\n\n>   ???\nE   AssertionError: Field 'amount' missing in result item\nE   assert 'amount' in {'car_plate_number': '10G995YY', 'carwash_center': {'address_ru': 'Ташкент, Мирабадский р-н, Северный вокзал, Малая ко...s_store_id': '2090', 'close_time': '23:00:09', ...}, 'created_at': '2025-12-10T09:56:28.314145+05:00', 'id': 1323, ...}\n\nC:\\Users\\User\\PyCharmMiscProject\\tests\\carwash\\test_payment_history.py:43: AssertionError","steps":[{"name":"Send GET request to fetch carwash payment history","time":{"start":1766132207127,"stop":1766132207206,"duration":79},"status":"passed","steps":[],"attachments":[],"parameters":[],"attachmentStep":false,"shouldDisplayMessage":false,"stepsCount":0,"attachmentsCount":0,"hasContent":false},{"name":"Check status code is 200","time":{"start":1766132207207,"stop":1766132207207,"duration":0},"status":"passed","steps":[],"attachments":[],"parameters":[],"attachmentStep":false,"shouldDisplayMessage":false,"stepsCount":0,"attachmentsCount":0,"hasContent":false},{"name":"Validate response structure","time":{"start":1766132207207,"stop":1766132207207,"duration":0},"status":"passed","steps":[],"attachments":[],"parameters":[],"attachmentStep":false,"shouldDisplayMessage":false,"stepsCount":0,"attachmentsCount":0,"hasContent":false},{"name":"Validate results array if not empty","time":{"start":1766132207207,"stop":1766132207207,"duration":0},"status":"failed","statusMessage":"AssertionError: Field 'amount' missing in result item\nassert 'amount' in {'car_plate_number': '10G995YY', 'carwash_center': {'address_ru': 'Ташкент, Мирабадский р-н, Северный вокзал, Малая ко...s_store_id': '2090', 'close_time': '23:00:09', ...}, 'created_at': '2025-12-10T09:56:28.314145+05:00', 'id': 1323, ...}\n","statusTrace":"  File \"C:\\Users\\User\\PyCharmMiscProject\\tests\\carwash\\test_payment_history.py\", line 43, in test_get_carwash_payment_history\n","steps":[],"attachments":[],"parameters":[],"attachmentStep":false,"shouldDisplayMessage":true,"stepsCount":0,"attachmentsCount":0,"hasContent":true}],"attachments":[],"parameters":[],"attachmentStep":false,"shouldDisplayMessage":true,"stepsCount":4,"attachmentsCount":0,"hasContent":true},"afterStages":[],"labels":[{"name":"story","value":"Positive - Get car wash payment history"},{"name":"epic","value":"car wash"},{"name":"feature","value":"History"},{"name":"parentSuite","value":"tests.api.carwash"},{"name":"suite","value":"test_payment_history"},{"name":"host","value":"WIN-AVFLEP7C716"},{"name":"thread","value":"19208-MainThread"},{"name":"framework","value":"pytest"},{"name":"language","value":"cpython3"},{"name":"package","value":"tests.api.carwash.test_payment_history"},{"name":"resultFormat","value":"allure2"}],"parameters":[],"links":[],"hidden":false,"retry":false,"extra":{"severity":"normal","retries":[],"categories":[{"name":"Product defects","matchedStatuses":[]}],"tags":[]},"source":"dc5b7d30e9fd4d63.json","parameterValues":[]}