{"uid":"e18e4bc32d09c6b","name":"test_get_carwash_payment_history","fullName":"tests.api.carwash.test_payment_history#test_get_carwash_payment_history","historyId":"354d0b5c4bb25a0932c8d2d89c1ff988","time":{"start":1765014366002,"stop":1765014366105,"duration":103},"description":"\nPositive test:\nVerify that payment history for carwash is returned with expected structure\n","descriptionHtml":"<p>Positive test:<br />\nVerify that payment history for carwash is returned with expected structure</p>\n","status":"failed","statusMessage":"AssertionError: Field 'amount' missing in result item\nassert 'amount' in {'car_plate_number': '10G995YY', 'carwash_center': {'address_ru': 'Ташкент, Мирабадский р-н, Северный вокзал, Малая ко...s_store_id': '2090', 'close_time': '23:00:09', ...}, 'created_at': '2025-10-30T15:49:45.459839+05:00', 'id': 1283, ...}","statusTrace":"base_url = 'http://185.100.55.56:8009'\nauth_headers = {'Accept': 'application/json', 'Authorization': 'Bearer eyJhbGciOiJIUzI1NiIsInR5cCI6IkpXVCJ9.eyJ0b2tlbl90eXBlIjoiYWNjZ...yNTcyZTZiNzQ1IiwidXNlcl9pZCI6NzQyNTF9.8Qox-_qZAT63sZT_rJd_Aq2gXCi5GjnBDk6b-qUEYX4', 'Content-Type': 'application/json'}\n\n>   ???\nE   AssertionError: Field 'amount' missing in result item\nE   assert 'amount' in {'car_plate_number': '10G995YY', 'carwash_center': {'address_ru': 'Ташкент, Мирабадский р-н, Северный вокзал, Малая ко...s_store_id': '2090', 'close_time': '23:00:09', ...}, 'created_at': '2025-10-30T15:49:45.459839+05:00', 'id': 1283, ...}\n\nC:\\Users\\User\\PyCharmMiscProject\\tests\\carwash\\test_payment_history.py:43: AssertionError","flaky":false,"newFailed":false,"newBroken":false,"newPassed":false,"retriesCount":0,"retriesStatusChange":false,"beforeStages":[{"name":"clear_allure_results","time":{"start":1765014327438,"stop":1765014327439,"duration":1},"status":"passed","steps":[],"attachments":[],"parameters":[],"hasContent":false,"attachmentStep":false,"attachmentsCount":0,"stepsCount":0,"shouldDisplayMessage":false},{"name":"auth_token","time":{"start":1765014327440,"stop":1765014327497,"duration":57},"status":"passed","steps":[],"attachments":[],"parameters":[],"hasContent":false,"attachmentStep":false,"attachmentsCount":0,"stepsCount":0,"shouldDisplayMessage":false},{"name":"headers","time":{"start":1765014327440,"stop":1765014327440,"duration":0},"status":"passed","steps":[],"attachments":[],"parameters":[],"hasContent":false,"attachmentStep":false,"attachmentsCount":0,"stepsCount":0,"shouldDisplayMessage":false},{"name":"base_url","time":{"start":1765014327440,"stop":1765014327440,"duration":0},"status":"passed","steps":[],"attachments":[],"parameters":[],"hasContent":false,"attachmentStep":false,"attachmentsCount":0,"stepsCount":0,"shouldDisplayMessage":false},{"name":"auth_headers","time":{"start":1765014329089,"stop":1765014329089,"duration":0},"status":"passed","steps":[],"attachments":[],"parameters":[],"hasContent":false,"attachmentStep":false,"attachmentsCount":0,"stepsCount":0,"shouldDisplayMessage":false}],"testStage":{"description":"\nPositive test:\nVerify that payment history for carwash is returned with expected structure\n","status":"failed","statusMessage":"AssertionError: Field 'amount' missing in result item\nassert 'amount' in {'car_plate_number': '10G995YY', 'carwash_center': {'address_ru': 'Ташкент, Мирабадский р-н, Северный вокзал, Малая ко...s_store_id': '2090', 'close_time': '23:00:09', ...}, 'created_at': '2025-10-30T15:49:45.459839+05:00', 'id': 1283, ...}","statusTrace":"base_url = 'http://185.100.55.56:8009'\nauth_headers = {'Accept': 'application/json', 'Authorization': 'Bearer eyJhbGciOiJIUzI1NiIsInR5cCI6IkpXVCJ9.eyJ0b2tlbl90eXBlIjoiYWNjZ...yNTcyZTZiNzQ1IiwidXNlcl9pZCI6NzQyNTF9.8Qox-_qZAT63sZT_rJd_Aq2gXCi5GjnBDk6b-qUEYX4', 'Content-Type': 'application/json'}\n\n>   ???\nE   AssertionError: Field 'amount' missing in result item\nE   assert 'amount' in {'car_plate_number': '10G995YY', 'carwash_center': {'address_ru': 'Ташкент, Мирабадский р-н, Северный вокзал, Малая ко...s_store_id': '2090', 'close_time': '23:00:09', ...}, 'created_at': '2025-10-30T15:49:45.459839+05:00', 'id': 1283, ...}\n\nC:\\Users\\User\\PyCharmMiscProject\\tests\\carwash\\test_payment_history.py:43: AssertionError","steps":[{"name":"Send GET request to fetch carwash payment history","time":{"start":1765014366002,"stop":1765014366086,"duration":84},"status":"passed","steps":[],"attachments":[],"parameters":[],"hasContent":false,"attachmentStep":false,"attachmentsCount":0,"stepsCount":0,"shouldDisplayMessage":false},{"name":"Check status code is 200","time":{"start":1765014366087,"stop":1765014366087,"duration":0},"status":"passed","steps":[],"attachments":[],"parameters":[],"hasContent":false,"attachmentStep":false,"attachmentsCount":0,"stepsCount":0,"shouldDisplayMessage":false},{"name":"Validate response structure","time":{"start":1765014366087,"stop":1765014366087,"duration":0},"status":"passed","steps":[],"attachments":[],"parameters":[],"hasContent":false,"attachmentStep":false,"attachmentsCount":0,"stepsCount":0,"shouldDisplayMessage":false},{"name":"Validate results array if not empty","time":{"start":1765014366088,"stop":1765014366099,"duration":11},"status":"failed","statusMessage":"AssertionError: Field 'amount' missing in result item\nassert 'amount' in {'car_plate_number': '10G995YY', 'carwash_center': {'address_ru': 'Ташкент, Мирабадский р-н, Северный вокзал, Малая ко...s_store_id': '2090', 'close_time': '23:00:09', ...}, 'created_at': '2025-10-30T15:49:45.459839+05:00', 'id': 1283, ...}\n","statusTrace":"  File \"C:\\Users\\User\\PyCharmMiscProject\\tests\\carwash\\test_payment_history.py\", line 43, in test_get_carwash_payment_history\n","steps":[],"attachments":[],"parameters":[],"hasContent":true,"attachmentStep":false,"attachmentsCount":0,"stepsCount":0,"shouldDisplayMessage":true}],"attachments":[],"parameters":[],"hasContent":true,"attachmentStep":false,"attachmentsCount":0,"stepsCount":4,"shouldDisplayMessage":true},"afterStages":[],"labels":[{"name":"story","value":"Positive - Get car wash payment history"},{"name":"feature","value":"History"},{"name":"epic","value":"car wash"},{"name":"parentSuite","value":"tests.api.carwash"},{"name":"suite","value":"test_payment_history"},{"name":"host","value":"WIN-AVFLEP7C716"},{"name":"thread","value":"12952-MainThread"},{"name":"framework","value":"pytest"},{"name":"language","value":"cpython3"},{"name":"package","value":"tests.api.carwash.test_payment_history"},{"name":"resultFormat","value":"allure2"}],"parameters":[],"links":[],"hidden":false,"retry":false,"extra":{"severity":"normal","retries":[],"categories":[{"name":"Product defects","matchedStatuses":[]}],"tags":[]},"source":"e18e4bc32d09c6b.json","parameterValues":[]}