{"uid":"fa69b994e527cb12","name":"test_get_auction_deal_negative[?is_sold=true&mark=82&model=828&generation=1651&page=1&page_size=0]","fullName":"tests.api.auctionn.test_deal_auction#test_get_auction_deal_negative","historyId":"b12dd04a32f0ab7f3992ddb3e9fba40f","time":{"start":1765014027112,"stop":1765014027154,"duration":42},"status":"failed","statusMessage":"AssertionError: ❌ Unexpected status code: 500\nassert 500 < 500\n +  where 500 = <Response [500]>.status_code","statusTrace":"dev_url = 'http://185.100.55.56:8011'\nauth_headers = {'Accept': 'application/json', 'Authorization': 'Bearer eyJhbGciOiJIUzI1NiIsInR5cCI6IkpXVCJ9.eyJ0b2tlbl90eXBlIjoiYWNjZ...2NjRmNjI5YWU1IiwidXNlcl9pZCI6NzQyNTF9.VUJAtZEltZGzPHcXu5VmfEZtOEwjFpCpDnF1b75eWOM', 'Content-Type': 'application/json'}\nquery = '?is_sold=true&mark=82&model=828&generation=1651&page=1&page_size=0'\n\n>   ???\nE   AssertionError: ❌ Unexpected status code: 500\nE   assert 500 < 500\nE    +  where 500 = <Response [500]>.status_code\n\nC:\\Users\\User\\PyCharmMiscProject\\tests\\auctionn\\test_deal_auction.py:80: AssertionError","flaky":false,"newFailed":false,"newBroken":false,"newPassed":false,"retriesCount":0,"retriesStatusChange":false,"beforeStages":[{"name":"clear_allure_results","time":{"start":1765014017732,"stop":1765014017733,"duration":1},"status":"passed","steps":[],"attachments":[],"parameters":[],"shouldDisplayMessage":false,"attachmentsCount":0,"stepsCount":0,"attachmentStep":false,"hasContent":false},{"name":"headers","time":{"start":1765014017733,"stop":1765014017733,"duration":0},"status":"passed","steps":[],"attachments":[],"parameters":[],"shouldDisplayMessage":false,"attachmentsCount":0,"stepsCount":0,"attachmentStep":false,"hasContent":false},{"name":"auth_token","time":{"start":1765014017733,"stop":1765014017790,"duration":57},"status":"passed","steps":[],"attachments":[],"parameters":[],"shouldDisplayMessage":false,"attachmentsCount":0,"stepsCount":0,"attachmentStep":false,"hasContent":false},{"name":"base_url","time":{"start":1765014017733,"stop":1765014017733,"duration":0},"status":"passed","steps":[],"attachments":[],"parameters":[],"shouldDisplayMessage":false,"attachmentsCount":0,"stepsCount":0,"attachmentStep":false,"hasContent":false},{"name":"auth_headers","time":{"start":1765014018806,"stop":1765014018806,"duration":0},"status":"passed","steps":[],"attachments":[],"parameters":[],"shouldDisplayMessage":false,"attachmentsCount":0,"stepsCount":0,"attachmentStep":false,"hasContent":false},{"name":"dev_url","time":{"start":1765014022140,"stop":1765014022140,"duration":0},"status":"passed","steps":[],"attachments":[],"parameters":[],"shouldDisplayMessage":false,"attachmentsCount":0,"stepsCount":0,"attachmentStep":false,"hasContent":false}],"testStage":{"status":"failed","statusMessage":"AssertionError: ❌ Unexpected status code: 500\nassert 500 < 500\n +  where 500 = <Response [500]>.status_code","statusTrace":"dev_url = 'http://185.100.55.56:8011'\nauth_headers = {'Accept': 'application/json', 'Authorization': 'Bearer eyJhbGciOiJIUzI1NiIsInR5cCI6IkpXVCJ9.eyJ0b2tlbl90eXBlIjoiYWNjZ...2NjRmNjI5YWU1IiwidXNlcl9pZCI6NzQyNTF9.VUJAtZEltZGzPHcXu5VmfEZtOEwjFpCpDnF1b75eWOM', 'Content-Type': 'application/json'}\nquery = '?is_sold=true&mark=82&model=828&generation=1651&page=1&page_size=0'\n\n>   ???\nE   AssertionError: ❌ Unexpected status code: 500\nE   assert 500 < 500\nE    +  where 500 = <Response [500]>.status_code\n\nC:\\Users\\User\\PyCharmMiscProject\\tests\\auctionn\\test_deal_auction.py:80: AssertionError","steps":[{"name":"Send GET request with invalid query: ?is_sold=true&mark=82&model=828&generation=1651&page=1&page_size=0","time":{"start":1765014027113,"stop":1765014027152,"duration":39},"status":"passed","steps":[],"attachments":[],"parameters":[],"shouldDisplayMessage":false,"attachmentsCount":0,"stepsCount":0,"attachmentStep":false,"hasContent":false},{"name":"Expect 4xx client error or empty 200 response","time":{"start":1765014027153,"stop":1765014027153,"duration":0},"status":"failed","statusMessage":"AssertionError: ❌ Unexpected status code: 500\nassert 500 < 500\n +  where 500 = <Response [500]>.status_code\n","statusTrace":"  File \"C:\\Users\\User\\PyCharmMiscProject\\tests\\auctionn\\test_deal_auction.py\", line 80, in test_get_auction_deal_negative\n","steps":[],"attachments":[],"parameters":[],"shouldDisplayMessage":true,"attachmentsCount":0,"stepsCount":0,"attachmentStep":false,"hasContent":true}],"attachments":[],"parameters":[],"shouldDisplayMessage":true,"attachmentsCount":0,"stepsCount":2,"attachmentStep":false,"hasContent":true},"afterStages":[],"labels":[{"name":"feature","value":"Deal"},{"name":"story","value":"Negative - Invalid query parameters"},{"name":"epic","value":"Auction"},{"name":"parentSuite","value":"tests.api.auctionn"},{"name":"suite","value":"test_deal_auction"},{"name":"host","value":"WIN-AVFLEP7C716"},{"name":"thread","value":"3812-MainThread"},{"name":"framework","value":"pytest"},{"name":"language","value":"cpython3"},{"name":"package","value":"tests.api.auctionn.test_deal_auction"},{"name":"resultFormat","value":"allure2"}],"parameters":[{"name":"query","value":"'?is_sold=true&mark=82&model=828&generation=1651&page=1&page_size=0'"}],"links":[],"hidden":false,"retry":false,"extra":{"severity":"normal","retries":[],"categories":[{"name":"Product defects","matchedStatuses":[]}],"tags":[]},"source":"fa69b994e527cb12.json","parameterValues":["'?is_sold=true&mark=82&model=828&generation=1651&page=1&page_size=0'"]}