{"uid":"fcdc37ea7aca50ad","name":"test_brand_list_success","fullName":"tests.api.car.test_car_detail.TestBrandList#test_brand_list_success","historyId":"01e7043dbb6fc0eec1a27c4155c3a25c","time":{"start":1771564416919,"stop":1771564416946,"duration":27},"status":"failed","statusMessage":"AssertionError: Expected 200, got 404. Body: {\"detail\":\"Not Found\"}\nassert 404 == 200\n +  where 404 = <Response [404]>.status_code","statusTrace":"self = <tests.api.car.test_car_detail.TestBrandList object at 0x1095b68d0>\ndev_api = <api.api_facade.ApiFacade object at 0x109c97c90>\n\n    @allure.story(\"Get brand list - positive case\")\n    @allure.severity(allure.severity_level.NORMAL)\n    @pytest.mark.smoke\n    def test_brand_list_success(self, dev_api: ApiFacade):\n        with allure.step(\"Fetch brand list\"):\n            response = dev_api.car.get_brand_list()\n    \n        with allure.step(\"Validate status code 200\"):\n>           assert response.status_code == 200, (\n                f\"Expected 200, got {response.status_code}. Body: {response.text}\"\n            )\nE           AssertionError: Expected 200, got 404. Body: {\"detail\":\"Not Found\"}\nE           assert 404 == 200\nE            +  where 404 = <Response [404]>.status_code\n\ntests/api/car/test_car_detail.py:53: AssertionError","flaky":false,"newFailed":false,"newBroken":false,"newPassed":false,"retriesCount":0,"retriesStatusChange":false,"beforeStages":[{"name":"dev_api","time":{"start":1771564416918,"stop":1771564416918,"duration":0},"status":"passed","steps":[],"attachments":[],"parameters":[],"shouldDisplayMessage":false,"attachmentsCount":0,"stepsCount":0,"hasContent":false,"attachmentStep":false}],"testStage":{"status":"failed","statusMessage":"AssertionError: Expected 200, got 404. Body: {\"detail\":\"Not Found\"}\nassert 404 == 200\n +  where 404 = <Response [404]>.status_code","statusTrace":"self = <tests.api.car.test_car_detail.TestBrandList object at 0x1095b68d0>\ndev_api = <api.api_facade.ApiFacade object at 0x109c97c90>\n\n    @allure.story(\"Get brand list - positive case\")\n    @allure.severity(allure.severity_level.NORMAL)\n    @pytest.mark.smoke\n    def test_brand_list_success(self, dev_api: ApiFacade):\n        with allure.step(\"Fetch brand list\"):\n            response = dev_api.car.get_brand_list()\n    \n        with allure.step(\"Validate status code 200\"):\n>           assert response.status_code == 200, (\n                f\"Expected 200, got {response.status_code}. Body: {response.text}\"\n            )\nE           AssertionError: Expected 200, got 404. Body: {\"detail\":\"Not Found\"}\nE           assert 404 == 200\nE            +  where 404 = <Response [404]>.status_code\n\ntests/api/car/test_car_detail.py:53: AssertionError","steps":[{"name":"Fetch brand list","time":{"start":1771564416919,"stop":1771564416945,"duration":26},"status":"passed","steps":[],"attachments":[],"parameters":[],"shouldDisplayMessage":false,"attachmentsCount":0,"stepsCount":0,"hasContent":false,"attachmentStep":false},{"name":"Validate status code 200","time":{"start":1771564416945,"stop":1771564416945,"duration":0},"status":"failed","statusMessage":"AssertionError: Expected 200, got 404. Body: {\"detail\":\"Not Found\"}\nassert 404 == 200\n +  where 404 = <Response [404]>.status_code\n","statusTrace":"  File \"/Users/user/Downloads/abozor-api-tests/tests/api/car/test_car_detail.py\", line 53, in test_brand_list_success\n    assert response.status_code == 200, (\n","steps":[],"attachments":[],"parameters":[],"shouldDisplayMessage":true,"attachmentsCount":0,"stepsCount":0,"hasContent":true,"attachmentStep":false}],"attachments":[],"parameters":[],"shouldDisplayMessage":true,"attachmentsCount":0,"stepsCount":2,"hasContent":true,"attachmentStep":false},"afterStages":[],"labels":[{"name":"epic","value":"Car"},{"name":"feature","value":"Brand List"},{"name":"story","value":"Get brand list - positive case"},{"name":"severity","value":"normal"},{"name":"tag","value":"smoke"},{"name":"parentSuite","value":"tests.api.car"},{"name":"suite","value":"test_car_detail"},{"name":"subSuite","value":"TestBrandList"},{"name":"host","value":"Mac"},{"name":"thread","value":"4679-MainThread"},{"name":"framework","value":"pytest"},{"name":"language","value":"cpython3"},{"name":"package","value":"tests.api.car.test_car_detail"},{"name":"resultFormat","value":"allure2"}],"parameters":[],"links":[],"hidden":false,"retry":false,"extra":{"severity":"normal","retries":[],"categories":[{"name":"Product defects","matchedStatuses":[]}],"tags":["smoke"]},"source":"fcdc37ea7aca50ad.json","parameterValues":[]}