{"uid":"fd5e89f8302a959f","name":"test_check_promo_invalid_params[params2]","fullName":"tests.api.carwash.test_promo_check#test_check_promo_invalid_params","historyId":"5b9eda6c26680a8a04dd36d1897e5211","time":{"start":1765014366362,"stop":1765014366435,"duration":73},"description":"\nNegative test:\nVerify that invalid parameters return an error message or empty promo\n","descriptionHtml":"<p>Negative test:<br />\nVerify that invalid parameters return an error message or empty promo</p>\n","status":"failed","statusMessage":"AssertionError: Expected 200/400/404, got 500\nassert 500 in [400, 404]\n +  where 500 = <Response [500]>.status_code","statusTrace":"base_url = 'http://185.100.55.56:8009'\nauth_headers = {'Accept': 'application/json', 'Authorization': 'Bearer eyJhbGciOiJIUzI1NiIsInR5cCI6IkpXVCJ9.eyJ0b2tlbl90eXBlIjoiYWNjZ...yNTcyZTZiNzQ1IiwidXNlcl9pZCI6NzQyNTF9.8Qox-_qZAT63sZT_rJd_Aq2gXCi5GjnBDk6b-qUEYX4', 'Content-Type': 'application/json'}\nparams = {'car_wash_center_id': 'abc', 'tariff_id': 6}\n\n>   ???\nE   AssertionError: Expected 200/400/404, got 500\nE   assert 500 in [400, 404]\nE    +  where 500 = <Response [500]>.status_code\n\nC:\\Users\\User\\PyCharmMiscProject\\tests\\carwash\\test_promo_check.py:54: AssertionError","flaky":false,"newFailed":false,"newBroken":false,"newPassed":false,"retriesCount":0,"retriesStatusChange":false,"beforeStages":[{"name":"clear_allure_results","time":{"start":1765014327438,"stop":1765014327439,"duration":1},"status":"passed","steps":[],"attachments":[],"parameters":[],"hasContent":false,"attachmentStep":false,"attachmentsCount":0,"stepsCount":0,"shouldDisplayMessage":false},{"name":"auth_token","time":{"start":1765014327440,"stop":1765014327497,"duration":57},"status":"passed","steps":[],"attachments":[],"parameters":[],"hasContent":false,"attachmentStep":false,"attachmentsCount":0,"stepsCount":0,"shouldDisplayMessage":false},{"name":"headers","time":{"start":1765014327440,"stop":1765014327440,"duration":0},"status":"passed","steps":[],"attachments":[],"parameters":[],"hasContent":false,"attachmentStep":false,"attachmentsCount":0,"stepsCount":0,"shouldDisplayMessage":false},{"name":"base_url","time":{"start":1765014327440,"stop":1765014327440,"duration":0},"status":"passed","steps":[],"attachments":[],"parameters":[],"hasContent":false,"attachmentStep":false,"attachmentsCount":0,"stepsCount":0,"shouldDisplayMessage":false},{"name":"auth_headers","time":{"start":1765014329089,"stop":1765014329089,"duration":0},"status":"passed","steps":[],"attachments":[],"parameters":[],"hasContent":false,"attachmentStep":false,"attachmentsCount":0,"stepsCount":0,"shouldDisplayMessage":false}],"testStage":{"description":"\nNegative test:\nVerify that invalid parameters return an error message or empty promo\n","status":"failed","statusMessage":"AssertionError: Expected 200/400/404, got 500\nassert 500 in [400, 404]\n +  where 500 = <Response [500]>.status_code","statusTrace":"base_url = 'http://185.100.55.56:8009'\nauth_headers = {'Accept': 'application/json', 'Authorization': 'Bearer eyJhbGciOiJIUzI1NiIsInR5cCI6IkpXVCJ9.eyJ0b2tlbl90eXBlIjoiYWNjZ...yNTcyZTZiNzQ1IiwidXNlcl9pZCI6NzQyNTF9.8Qox-_qZAT63sZT_rJd_Aq2gXCi5GjnBDk6b-qUEYX4', 'Content-Type': 'application/json'}\nparams = {'car_wash_center_id': 'abc', 'tariff_id': 6}\n\n>   ???\nE   AssertionError: Expected 200/400/404, got 500\nE   assert 500 in [400, 404]\nE    +  where 500 = <Response [500]>.status_code\n\nC:\\Users\\User\\PyCharmMiscProject\\tests\\carwash\\test_promo_check.py:54: AssertionError","steps":[{"name":"Send GET request with invalid parameters","time":{"start":1765014366363,"stop":1765014366434,"duration":71},"status":"passed","steps":[],"attachments":[],"parameters":[],"hasContent":false,"attachmentStep":false,"attachmentsCount":0,"stepsCount":0,"shouldDisplayMessage":false},{"name":"Check status code is 200 or 400","time":{"start":1765014366434,"stop":1765014366434,"duration":0},"status":"failed","statusMessage":"AssertionError: Expected 200/400/404, got 500\nassert 500 in [400, 404]\n +  where 500 = <Response [500]>.status_code\n","statusTrace":"  File \"C:\\Users\\User\\PyCharmMiscProject\\tests\\carwash\\test_promo_check.py\", line 54, in test_check_promo_invalid_params\n","steps":[],"attachments":[],"parameters":[],"hasContent":true,"attachmentStep":false,"attachmentsCount":0,"stepsCount":0,"shouldDisplayMessage":true}],"attachments":[],"parameters":[],"hasContent":true,"attachmentStep":false,"attachmentsCount":0,"stepsCount":2,"shouldDisplayMessage":true},"afterStages":[],"labels":[{"name":"feature","value":"Promo Check"},{"name":"epic","value":"Car Wash"},{"name":"story","value":"Negative - Check promo with invalid parameters"},{"name":"parentSuite","value":"tests.api.carwash"},{"name":"suite","value":"test_promo_check"},{"name":"host","value":"WIN-AVFLEP7C716"},{"name":"thread","value":"12952-MainThread"},{"name":"framework","value":"pytest"},{"name":"language","value":"cpython3"},{"name":"package","value":"tests.api.carwash.test_promo_check"},{"name":"resultFormat","value":"allure2"}],"parameters":[{"name":"params","value":"{'car_wash_center_id': 'abc', 'tariff_id': 6}"}],"links":[],"hidden":false,"retry":false,"extra":{"severity":"normal","retries":[],"categories":[{"name":"Product defects","matchedStatuses":[]}],"tags":[]},"source":"fd5e89f8302a959f.json","parameterValues":["{'car_wash_center_id': 'abc', 'tariff_id': 6}"]}